d:\progettopds2017gui\progettopds2017gui\qtguiapplication4\x64\debug\qrc_resources.obj
d:\progettopds2017gui\progettopds2017gui\qtguiapplication4\x64\debug\moc_mainwin.obj
d:\progettopds2017gui\progettopds2017gui\qtguiapplication4\x64\debug\moc_setuserphoto.obj
d:\progettopds2017gui\progettopds2017gui\qtguiapplication4\x64\debug\setuserphoto.obj
d:\progettopds2017gui\progettopds2017gui\qtguiapplication4\x64\debug\mainwin.obj
d:\progettopds2017gui\progettopds2017gui\qtguiapplication4\x64\debug\setusername.obj
d:\progettopds2017gui\progettopds2017gui\qtguiapplication4\x64\debug\main.obj
d:\progettopds2017gui\progettopds2017gui\qtguiapplication4\x64\debug\moc_setusername.obj
d:\progettopds2017gui\progettopds2017gui\qtguiapplication4\x64\debug\senderthread.obj
d:\progettopds2017gui\progettopds2017gui\qtguiapplication4\x64\debug\moc_receiverthread.obj
d:\progettopds2017gui\progettopds2017gui\qtguiapplication4\x64\debug\moc_senderthread.obj
d:\progettopds2017gui\progettopds2017gui\qtguiapplication4\x64\debug\receiverthread.obj
d:\progettopds2017gui\progettopds2017gui\qtguiapplication4\x64\debug\vc141.pdb
d:\progettopds2017gui\progettopds2017gui\x64\debug\progettopds2017.exe
d:\progettopds2017gui\progettopds2017gui\x64\debug\progettopds2017.ilk
d:\progettopds2017gui\progettopds2017gui\x64\debug\progettopds2017.pdb
d:\progettopds2017gui\progettopds2017gui\qtguiapplication4\generatedfiles\debug\moc_mainwin.cpp
d:\progettopds2017gui\progettopds2017gui\qtguiapplication4\generatedfiles\debug\moc_receiverthread.cpp
d:\progettopds2017gui\progettopds2017gui\qtguiapplication4\generatedfiles\debug\moc_setusername.cpp
d:\progettopds2017gui\progettopds2017gui\qtguiapplication4\generatedfiles\debug\moc_setuserphoto.cpp
d:\progettopds2017gui\progettopds2017gui\qtguiapplication4\generatedfiles\debug\moc_senderthread.cpp
d:\progettopds2017gui\progettopds2017gui\qtguiapplication4\generatedfiles\qrc_resources.cpp
d:\progettopds2017gui\progettopds2017gui\qtguiapplication4\generatedfiles\ui_mainwin.h
d:\progettopds2017gui\progettopds2017gui\qtguiapplication4\generatedfiles\ui_setusername.h
d:\progettopds2017gui\progettopds2017gui\qtguiapplication4\generatedfiles\ui_setuserphoto.h
d:\progettopds2017gui\progettopds2017gui\qtguiapplication4\.\generatedfiles\debug\moc_mainwin.cpp
d:\progettopds2017gui\progettopds2017gui\qtguiapplication4\.\generatedfiles\debug\moc_receiverthread.cpp
d:\progettopds2017gui\progettopds2017gui\qtguiapplication4\.\generatedfiles\debug\moc_setusername.cpp
d:\progettopds2017gui\progettopds2017gui\qtguiapplication4\.\generatedfiles\debug\moc_setuserphoto.cpp
d:\progettopds2017gui\progettopds2017gui\qtguiapplication4\.\generatedfiles\debug\moc_senderthread.cpp
d:\progettopds2017gui\progettopds2017gui\qtguiapplication4\.\generatedfiles\qrc_resources.cpp
d:\progettopds2017gui\progettopds2017gui\qtguiapplication4\.\generatedfiles\ui_mainwin.h
d:\progettopds2017gui\progettopds2017gui\qtguiapplication4\.\generatedfiles\ui_setusername.h
d:\progettopds2017gui\progettopds2017gui\qtguiapplication4\.\generatedfiles\ui_setuserphoto.h
d:\progettopds2017gui\progettopds2017gui\qtguiapplication4\x64\debug\progettopds2017.tlog\cl.command.1.tlog
d:\progettopds2017gui\progettopds2017gui\qtguiapplication4\x64\debug\progettopds2017.tlog\cl.read.1.tlog
d:\progettopds2017gui\progettopds2017gui\qtguiapplication4\x64\debug\progettopds2017.tlog\cl.write.1.tlog
d:\progettopds2017gui\progettopds2017gui\qtguiapplication4\x64\debug\progettopds2017.tlog\link.command.1.tlog
d:\progettopds2017gui\progettopds2017gui\qtguiapplication4\x64\debug\progettopds2017.tlog\link.read.1.tlog
d:\progettopds2017gui\progettopds2017gui\qtguiapplication4\x64\debug\progettopds2017.tlog\link.write.1.tlog
d:\progettopds2017gui\progettopds2017gui\qtguiapplication4\x64\debug\progettopds2017.tlog\progettopds2017.write.1u.tlog
d:\progettopds2017gui\progettopds2017gui\qtguiapplication4\x64\debug\progettopds2017.tlog\qtmoc.read.1u.tlog
d:\progettopds2017gui\progettopds2017gui\qtguiapplication4\x64\debug\progettopds2017.tlog\qtmoc.write.1u.tlog
d:\progettopds2017gui\progettopds2017gui\qtguiapplication4\x64\debug\progettopds2017.tlog\qtrcc.read.1u.tlog
d:\progettopds2017gui\progettopds2017gui\qtguiapplication4\x64\debug\progettopds2017.tlog\qtrcc.write.1u.tlog
d:\progettopds2017gui\progettopds2017gui\qtguiapplication4\x64\debug\progettopds2017.tlog\qtuic.read.1u.tlog
d:\progettopds2017gui\progettopds2017gui\qtguiapplication4\x64\debug\progettopds2017.tlog\qtuic.write.1u.tlog
